Arguments: 
  C:\Program Files\nodejs\node.exe C:\Users\thapa\AppData\Roaming\npm\node_modules\yarn\bin\yarn.js install

PATH: 
  C:\WINDOWS\system32;C:\WINDOWS;C:\WINDOWS\System32\Wbem;C:\WINDOWS\System32\WindowsPowerShell\v1.0\;C:\WINDOWS\System32\OpenSSH\;C:\Program Files\Git\cmd;C:\Program Files\nodejs\;C:\Program Files\Microsoft SQL Server\130\Tools\Binn\;C:\Program Files\Microsoft SQL Server\Client SDK\ODBC\170\Tools\Binn\;C:\Program Files (x86)\Microsoft SQL Server\150\DTS\Binn\;C:\Program Files\Azure Data Studio\bin;C:\Program Files\dotnet\;C:\Program Files\Docker\Docker\resources\bin;C:\ProgramData\DockerDesktop\version-bin;C:\Users\thapa\AppData\Local\Microsoft\WindowsApps;;C:\Users\thapa\AppData\Local\Programs\Microsoft VS Code\bin;C:\Users\thapa\AppData\Roaming\npm;C:\Program Files\Azure Data Studio\bin;C:\Users\thapa\.dotnet\tools

Yarn version: 
  1.22.10

Node version: 
  14.15.4

Platform: 
  win32 x64

Trace: 
  Error: https://registry.yarnpkg.com/rxjs/-/rxjs-6.6.7.tgz: ESOCKETTIMEDOUT
      at ClientRequest.<anonymous> (C:\Users\thapa\AppData\Roaming\npm\node_modules\yarn\lib\cli.js:141289:19)
      at Object.onceWrapper (events.js:421:28)
      at ClientRequest.emit (events.js:315:20)
      at TLSSocket.emitRequestTimeout (_http_client.js:784:9)
      at Object.onceWrapper (events.js:421:28)
      at TLSSocket.emit (events.js:327:22)
      at TLSSocket.Socket._onTimeout (net.js:483:8)
      at listOnTimeout (internal/timers.js:554:17)
      at processTimers (internal/timers.js:497:7)

npm manifest: 
  {
    "name": "nepalyrics-web-application",
    "version": "0.0.0",
    "license": "MIT",
    "angular-cli": {},
    "scripts": {
      "ng": "ng",
      "start": "ng serve",
      "build": "ng build",
      "test": "ng test",
      "lint": "ng lint",
      "e2e": "ng e2e"
    },
    "private": true,
    "dependencies": {
      "@angular/animations": "^8.2.14",
      "@angular/cdk": "^8.2.3",
      "@angular/common": "^8.2.14",
      "@angular/compiler": "^8.2.14",
      "@angular/core": "^8.2.14",
      "@angular/forms": "^8.2.14",
      "@angular/material": "^8.2.3",
      "@angular/platform-browser": "^8.2.14",
      "@angular/platform-browser-dynamic": "^8.2.14",
      "@angular/platform-server": "^8.2.14",
      "@angular/router": "^8.2.14",
      "core-js": "^2.4.1",
      "croppie": "^2.5.0",
      "hammerjs": "^2.0.8",
      "jwt-decode": "^2.2.0",
      "moment": "^2.24.0",
      "ng2-material-dropdown": "^0.10.1",
      "ngx-chips": "^2.1.0",
      "rxjs": "^6.5.5",
      "ts-helpers": "^1.1.1",
      "tslib": "^1.9.0",
      "zone.js": "~0.9.1"
    },
    "devDependencies": {
      "@angular-devkit/build-angular": "~0.803.25",
      "@angular/cli": "^8.3.29",
      "@angular/compiler-cli": "^8.2.14",
      "@types/google.analytics": "0.0.39",
      "@types/jasmine": "3.3.5",
      "@types/node": "~10.12.18",
      "codelyzer": "^5.0.1",
      "jasmine-core": "~3.3.0",
      "jasmine-spec-reporter": "~4.2.1",
      "karma": "~3.1.4",
      "karma-chrome-launcher": "~2.2.0",
      "karma-cli": "~2.0.0",
      "karma-coverage-istanbul-reporter": "^2.0.4",
      "karma-jasmine": "~2.0.1",
      "karma-jasmine-html-reporter": "^1.4.0",
      "protractor": "~5.4.2",
      "ts-node": "~7.0.1",
      "tslint": "~5.12.1",
      "typescript": "3.5.3"
    }
  }

yarn manifest: 
  No manifest

Lockfile: 
  No lockfile
